<?xml version="1.0" encoding="UTF-8"?>
<!-- Generated by org.testng.reporters.JUnitReportReporter -->
<testsuite skipped="0" hostname="LAPTOP-0D4CH0TF" name="pkg_learning.strToArrList" tests="1" failures="0" timestamp="2021-06-19T21:56:34 IST" time="6.620" errors="0">
  <testcase name="func" time="6.620" classname="pkg_learning.strToArrList"/>
</testsuite> <!-- pkg_learning.strToArrList -->
