<?xml version="1.0" encoding="UTF-8"?>
<!-- Generated by org.testng.reporters.JUnitReportReporter -->
<testsuite skipped="1" hostname="LAPTOP-0D4CH0TF" name="pkg_learning.stringTrials" tests="3" failures="0" timestamp="2021-06-19T22:00:55 IST" time="0.016" errors="0">
  <testcase name="countName" time="0.016" classname="pkg_learning.stringTrials"/>
  <testcase name="testCode" time="0.000" classname="pkg_learning.stringTrials"/>
  <testcase name="gtchar" classname="pkg_learning.stringTrials">
    <skipped/>
  </testcase> <!-- gtchar -->
</testsuite> <!-- pkg_learning.stringTrials -->
