<?xml version="1.0" encoding="UTF-8"?>
<!-- Generated by org.testng.reporters.JUnitReportReporter -->
<testsuite skipped="2" hostname="LAPTOP-0D4CH0TF" name="pkg_learning.stringTrials" tests="3" failures="0" timestamp="2020-07-19T20:18:33 IST" time="0.005" errors="0">
  <testcase name="testCode" time="0.005" classname="pkg_learning.stringTrials"/>
  <testcase name="countName" classname="pkg_learning.stringTrials">
    <skipped/>
  </testcase> <!-- countName -->
  <testcase name="gtchar" classname="pkg_learning.stringTrials">
    <skipped/>
  </testcase> <!-- gtchar -->
</testsuite> <!-- pkg_learning.stringTrials -->
